***************************** Iteration 1 over 50 ****************************** 

43 train samples, 11 test samples
STABL finished (43 samples); 0 features selected

~~~~~~~~~~~~~~~~~~~~~~~~~~~~~~~~~~~~~~~~~~~~~~~~~~~~~~~
This fold: 0 features selected for STABL
This fold: 8 features selected for SS 03
This fold: 2 features selected for SS 05
This fold: 0 features selected for SS 08
~~~~~~~~~~~~~~~~~~~~~~~~~~~~~~~~~~~~~~~~~~~~~~~~~~~~~~~

***************************** Iteration 2 over 50 ****************************** 

43 train samples, 11 test samples
STABL finished (43 samples); 0 features selected

~~~~~~~~~~~~~~~~~~~~~~~~~~~~~~~~~~~~~~~~~~~~~~~~~~~~~~~
This fold: 0 features selected for STABL
This fold: 8 features selected for SS 03
This fold: 1 features selected for SS 05
This fold: 0 features selected for SS 08
~~~~~~~~~~~~~~~~~~~~~~~~~~~~~~~~~~~~~~~~~~~~~~~~~~~~~~~

***************************** Iteration 3 over 50 ****************************** 

43 train samples, 11 test samples
STABL finished (43 samples); 0 features selected

~~~~~~~~~~~~~~~~~~~~~~~~~~~~~~~~~~~~~~~~~~~~~~~~~~~~~~~
This fold: 0 features selected for STABL
This fold: 9 features selected for SS 03
This fold: 2 features selected for SS 05
This fold: 0 features selected for SS 08
~~~~~~~~~~~~~~~~~~~~~~~~~~~~~~~~~~~~~~~~~~~~~~~~~~~~~~~

***************************** Iteration 4 over 50 ****************************** 

43 train samples, 11 test samples
STABL finished (43 samples); 0 features selected

~~~~~~~~~~~~~~~~~~~~~~~~~~~~~~~~~~~~~~~~~~~~~~~~~~~~~~~
This fold: 0 features selected for STABL
This fold: 12 features selected for SS 03
This fold: 3 features selected for SS 05
This fold: 0 features selected for SS 08
~~~~~~~~~~~~~~~~~~~~~~~~~~~~~~~~~~~~~~~~~~~~~~~~~~~~~~~

***************************** Iteration 5 over 50 ****************************** 

44 train samples, 10 test samples
STABL finished (44 samples); 0 features selected

~~~~~~~~~~~~~~~~~~~~~~~~~~~~~~~~~~~~~~~~~~~~~~~~~~~~~~~
This fold: 0 features selected for STABL
This fold: 12 features selected for SS 03
This fold: 2 features selected for SS 05
This fold: 0 features selected for SS 08
~~~~~~~~~~~~~~~~~~~~~~~~~~~~~~~~~~~~~~~~~~~~~~~~~~~~~~~

***************************** Iteration 6 over 50 ****************************** 

43 train samples, 11 test samples
STABL finished (43 samples); 0 features selected

~~~~~~~~~~~~~~~~~~~~~~~~~~~~~~~~~~~~~~~~~~~~~~~~~~~~~~~
This fold: 0 features selected for STABL
This fold: 11 features selected for SS 03
This fold: 1 features selected for SS 05
This fold: 0 features selected for SS 08
~~~~~~~~~~~~~~~~~~~~~~~~~~~~~~~~~~~~~~~~~~~~~~~~~~~~~~~

***************************** Iteration 7 over 50 ****************************** 

43 train samples, 11 test samples
STABL finished (43 samples); 0 features selected

~~~~~~~~~~~~~~~~~~~~~~~~~~~~~~~~~~~~~~~~~~~~~~~~~~~~~~~
This fold: 0 features selected for STABL
This fold: 8 features selected for SS 03
This fold: 4 features selected for SS 05
This fold: 1 features selected for SS 08
~~~~~~~~~~~~~~~~~~~~~~~~~~~~~~~~~~~~~~~~~~~~~~~~~~~~~~~

***************************** Iteration 8 over 50 ****************************** 

43 train samples, 11 test samples
STABL finished (43 samples); 0 features selected

~~~~~~~~~~~~~~~~~~~~~~~~~~~~~~~~~~~~~~~~~~~~~~~~~~~~~~~
This fold: 0 features selected for STABL
This fold: 10 features selected for SS 03
This fold: 2 features selected for SS 05
This fold: 0 features selected for SS 08
~~~~~~~~~~~~~~~~~~~~~~~~~~~~~~~~~~~~~~~~~~~~~~~~~~~~~~~

***************************** Iteration 9 over 50 ****************************** 

43 train samples, 11 test samples
STABL finished (43 samples); 0 features selected

~~~~~~~~~~~~~~~~~~~~~~~~~~~~~~~~~~~~~~~~~~~~~~~~~~~~~~~
This fold: 0 features selected for STABL
This fold: 9 features selected for SS 03
This fold: 3 features selected for SS 05
This fold: 0 features selected for SS 08
~~~~~~~~~~~~~~~~~~~~~~~~~~~~~~~~~~~~~~~~~~~~~~~~~~~~~~~

***************************** Iteration 10 over 50 ***************************** 

44 train samples, 10 test samples
STABL finished (44 samples); 1 features selected

~~~~~~~~~~~~~~~~~~~~~~~~~~~~~~~~~~~~~~~~~~~~~~~~~~~~~~~
This fold: 1 features selected for STABL
This fold: 7 features selected for SS 03
This fold: 2 features selected for SS 05
This fold: 1 features selected for SS 08
~~~~~~~~~~~~~~~~~~~~~~~~~~~~~~~~~~~~~~~~~~~~~~~~~~~~~~~

***************************** Iteration 11 over 50 ***************************** 

43 train samples, 11 test samples
STABL finished (43 samples); 1 features selected

~~~~~~~~~~~~~~~~~~~~~~~~~~~~~~~~~~~~~~~~~~~~~~~~~~~~~~~
This fold: 1 features selected for STABL
This fold: 11 features selected for SS 03
This fold: 2 features selected for SS 05
This fold: 0 features selected for SS 08
~~~~~~~~~~~~~~~~~~~~~~~~~~~~~~~~~~~~~~~~~~~~~~~~~~~~~~~

***************************** Iteration 12 over 50 ***************************** 

43 train samples, 11 test samples
STABL finished (43 samples); 0 features selected

~~~~~~~~~~~~~~~~~~~~~~~~~~~~~~~~~~~~~~~~~~~~~~~~~~~~~~~
This fold: 0 features selected for STABL
This fold: 9 features selected for SS 03
This fold: 2 features selected for SS 05
This fold: 0 features selected for SS 08
~~~~~~~~~~~~~~~~~~~~~~~~~~~~~~~~~~~~~~~~~~~~~~~~~~~~~~~

***************************** Iteration 13 over 50 ***************************** 

43 train samples, 11 test samples
STABL finished (43 samples); 0 features selected

~~~~~~~~~~~~~~~~~~~~~~~~~~~~~~~~~~~~~~~~~~~~~~~~~~~~~~~
This fold: 0 features selected for STABL
This fold: 10 features selected for SS 03
This fold: 1 features selected for SS 05
This fold: 0 features selected for SS 08
~~~~~~~~~~~~~~~~~~~~~~~~~~~~~~~~~~~~~~~~~~~~~~~~~~~~~~~

***************************** Iteration 14 over 50 ***************************** 

43 train samples, 11 test samples
STABL finished (43 samples); 0 features selected

~~~~~~~~~~~~~~~~~~~~~~~~~~~~~~~~~~~~~~~~~~~~~~~~~~~~~~~
This fold: 0 features selected for STABL
This fold: 13 features selected for SS 03
This fold: 3 features selected for SS 05
This fold: 0 features selected for SS 08
~~~~~~~~~~~~~~~~~~~~~~~~~~~~~~~~~~~~~~~~~~~~~~~~~~~~~~~

***************************** Iteration 15 over 50 ***************************** 

44 train samples, 10 test samples
STABL finished (44 samples); 0 features selected

~~~~~~~~~~~~~~~~~~~~~~~~~~~~~~~~~~~~~~~~~~~~~~~~~~~~~~~
This fold: 0 features selected for STABL
This fold: 10 features selected for SS 03
This fold: 3 features selected for SS 05
This fold: 0 features selected for SS 08
~~~~~~~~~~~~~~~~~~~~~~~~~~~~~~~~~~~~~~~~~~~~~~~~~~~~~~~

***************************** Iteration 16 over 50 ***************************** 

43 train samples, 11 test samples
STABL finished (43 samples); 0 features selected

~~~~~~~~~~~~~~~~~~~~~~~~~~~~~~~~~~~~~~~~~~~~~~~~~~~~~~~
This fold: 0 features selected for STABL
This fold: 11 features selected for SS 03
This fold: 4 features selected for SS 05
This fold: 0 features selected for SS 08
~~~~~~~~~~~~~~~~~~~~~~~~~~~~~~~~~~~~~~~~~~~~~~~~~~~~~~~

***************************** Iteration 17 over 50 ***************************** 

43 train samples, 11 test samples
STABL finished (43 samples); 0 features selected

~~~~~~~~~~~~~~~~~~~~~~~~~~~~~~~~~~~~~~~~~~~~~~~~~~~~~~~
This fold: 0 features selected for STABL
This fold: 11 features selected for SS 03
This fold: 1 features selected for SS 05
This fold: 0 features selected for SS 08
~~~~~~~~~~~~~~~~~~~~~~~~~~~~~~~~~~~~~~~~~~~~~~~~~~~~~~~

***************************** Iteration 18 over 50 ***************************** 

43 train samples, 11 test samples
STABL finished (43 samples); 0 features selected

~~~~~~~~~~~~~~~~~~~~~~~~~~~~~~~~~~~~~~~~~~~~~~~~~~~~~~~
This fold: 0 features selected for STABL
This fold: 13 features selected for SS 03
This fold: 1 features selected for SS 05
This fold: 0 features selected for SS 08
~~~~~~~~~~~~~~~~~~~~~~~~~~~~~~~~~~~~~~~~~~~~~~~~~~~~~~~

***************************** Iteration 19 over 50 ***************************** 

43 train samples, 11 test samples
STABL finished (43 samples); 0 features selected

~~~~~~~~~~~~~~~~~~~~~~~~~~~~~~~~~~~~~~~~~~~~~~~~~~~~~~~
This fold: 0 features selected for STABL
This fold: 12 features selected for SS 03
This fold: 1 features selected for SS 05
This fold: 0 features selected for SS 08
~~~~~~~~~~~~~~~~~~~~~~~~~~~~~~~~~~~~~~~~~~~~~~~~~~~~~~~

***************************** Iteration 20 over 50 ***************************** 

44 train samples, 10 test samples
STABL finished (44 samples); 1 features selected

~~~~~~~~~~~~~~~~~~~~~~~~~~~~~~~~~~~~~~~~~~~~~~~~~~~~~~~
This fold: 1 features selected for STABL
This fold: 9 features selected for SS 03
This fold: 3 features selected for SS 05
This fold: 0 features selected for SS 08
~~~~~~~~~~~~~~~~~~~~~~~~~~~~~~~~~~~~~~~~~~~~~~~~~~~~~~~

***************************** Iteration 21 over 50 ***************************** 

43 train samples, 11 test samples
STABL finished (43 samples); 0 features selected

~~~~~~~~~~~~~~~~~~~~~~~~~~~~~~~~~~~~~~~~~~~~~~~~~~~~~~~
This fold: 0 features selected for STABL
This fold: 11 features selected for SS 03
This fold: 2 features selected for SS 05
This fold: 0 features selected for SS 08
~~~~~~~~~~~~~~~~~~~~~~~~~~~~~~~~~~~~~~~~~~~~~~~~~~~~~~~

***************************** Iteration 22 over 50 ***************************** 

43 train samples, 11 test samples
STABL finished (43 samples); 0 features selected

~~~~~~~~~~~~~~~~~~~~~~~~~~~~~~~~~~~~~~~~~~~~~~~~~~~~~~~
This fold: 0 features selected for STABL
This fold: 8 features selected for SS 03
This fold: 1 features selected for SS 05
This fold: 0 features selected for SS 08
~~~~~~~~~~~~~~~~~~~~~~~~~~~~~~~~~~~~~~~~~~~~~~~~~~~~~~~

***************************** Iteration 23 over 50 ***************************** 

43 train samples, 11 test samples
STABL finished (43 samples); 0 features selected

~~~~~~~~~~~~~~~~~~~~~~~~~~~~~~~~~~~~~~~~~~~~~~~~~~~~~~~
This fold: 0 features selected for STABL
This fold: 9 features selected for SS 03
This fold: 1 features selected for SS 05
This fold: 0 features selected for SS 08
~~~~~~~~~~~~~~~~~~~~~~~~~~~~~~~~~~~~~~~~~~~~~~~~~~~~~~~

***************************** Iteration 24 over 50 ***************************** 

43 train samples, 11 test samples
STABL finished (43 samples); 0 features selected

~~~~~~~~~~~~~~~~~~~~~~~~~~~~~~~~~~~~~~~~~~~~~~~~~~~~~~~
This fold: 0 features selected for STABL
This fold: 12 features selected for SS 03
This fold: 3 features selected for SS 05
This fold: 1 features selected for SS 08
~~~~~~~~~~~~~~~~~~~~~~~~~~~~~~~~~~~~~~~~~~~~~~~~~~~~~~~

***************************** Iteration 25 over 50 ***************************** 

44 train samples, 10 test samples
STABL finished (44 samples); 0 features selected

~~~~~~~~~~~~~~~~~~~~~~~~~~~~~~~~~~~~~~~~~~~~~~~~~~~~~~~
This fold: 0 features selected for STABL
This fold: 13 features selected for SS 03
This fold: 3 features selected for SS 05
This fold: 0 features selected for SS 08
~~~~~~~~~~~~~~~~~~~~~~~~~~~~~~~~~~~~~~~~~~~~~~~~~~~~~~~

***************************** Iteration 26 over 50 ***************************** 

43 train samples, 11 test samples
STABL finished (43 samples); 0 features selected

~~~~~~~~~~~~~~~~~~~~~~~~~~~~~~~~~~~~~~~~~~~~~~~~~~~~~~~
This fold: 0 features selected for STABL
This fold: 12 features selected for SS 03
This fold: 1 features selected for SS 05
This fold: 0 features selected for SS 08
~~~~~~~~~~~~~~~~~~~~~~~~~~~~~~~~~~~~~~~~~~~~~~~~~~~~~~~

***************************** Iteration 27 over 50 ***************************** 

43 train samples, 11 test samples
STABL finished (43 samples); 0 features selected

~~~~~~~~~~~~~~~~~~~~~~~~~~~~~~~~~~~~~~~~~~~~~~~~~~~~~~~
This fold: 0 features selected for STABL
This fold: 11 features selected for SS 03
This fold: 3 features selected for SS 05
This fold: 0 features selected for SS 08
~~~~~~~~~~~~~~~~~~~~~~~~~~~~~~~~~~~~~~~~~~~~~~~~~~~~~~~

***************************** Iteration 28 over 50 ***************************** 

43 train samples, 11 test samples
STABL finished (43 samples); 0 features selected

~~~~~~~~~~~~~~~~~~~~~~~~~~~~~~~~~~~~~~~~~~~~~~~~~~~~~~~
This fold: 0 features selected for STABL
This fold: 10 features selected for SS 03
This fold: 1 features selected for SS 05
This fold: 0 features selected for SS 08
~~~~~~~~~~~~~~~~~~~~~~~~~~~~~~~~~~~~~~~~~~~~~~~~~~~~~~~

***************************** Iteration 29 over 50 ***************************** 

43 train samples, 11 test samples
STABL finished (43 samples); 0 features selected

~~~~~~~~~~~~~~~~~~~~~~~~~~~~~~~~~~~~~~~~~~~~~~~~~~~~~~~
This fold: 0 features selected for STABL
This fold: 8 features selected for SS 03
This fold: 2 features selected for SS 05
This fold: 0 features selected for SS 08
~~~~~~~~~~~~~~~~~~~~~~~~~~~~~~~~~~~~~~~~~~~~~~~~~~~~~~~

***************************** Iteration 30 over 50 ***************************** 

44 train samples, 10 test samples
STABL finished (44 samples); 0 features selected

~~~~~~~~~~~~~~~~~~~~~~~~~~~~~~~~~~~~~~~~~~~~~~~~~~~~~~~
This fold: 0 features selected for STABL
This fold: 10 features selected for SS 03
This fold: 2 features selected for SS 05
This fold: 1 features selected for SS 08
~~~~~~~~~~~~~~~~~~~~~~~~~~~~~~~~~~~~~~~~~~~~~~~~~~~~~~~

***************************** Iteration 31 over 50 ***************************** 

43 train samples, 11 test samples
STABL finished (43 samples); 0 features selected

~~~~~~~~~~~~~~~~~~~~~~~~~~~~~~~~~~~~~~~~~~~~~~~~~~~~~~~
This fold: 0 features selected for STABL
This fold: 12 features selected for SS 03
This fold: 2 features selected for SS 05
This fold: 0 features selected for SS 08
~~~~~~~~~~~~~~~~~~~~~~~~~~~~~~~~~~~~~~~~~~~~~~~~~~~~~~~

***************************** Iteration 32 over 50 ***************************** 

43 train samples, 11 test samples
STABL finished (43 samples); 0 features selected

~~~~~~~~~~~~~~~~~~~~~~~~~~~~~~~~~~~~~~~~~~~~~~~~~~~~~~~
This fold: 0 features selected for STABL
This fold: 12 features selected for SS 03
This fold: 1 features selected for SS 05
This fold: 0 features selected for SS 08
~~~~~~~~~~~~~~~~~~~~~~~~~~~~~~~~~~~~~~~~~~~~~~~~~~~~~~~

***************************** Iteration 33 over 50 ***************************** 

43 train samples, 11 test samples
STABL finished (43 samples); 0 features selected

~~~~~~~~~~~~~~~~~~~~~~~~~~~~~~~~~~~~~~~~~~~~~~~~~~~~~~~
This fold: 0 features selected for STABL
This fold: 8 features selected for SS 03
This fold: 2 features selected for SS 05
This fold: 0 features selected for SS 08
~~~~~~~~~~~~~~~~~~~~~~~~~~~~~~~~~~~~~~~~~~~~~~~~~~~~~~~

***************************** Iteration 34 over 50 ***************************** 

43 train samples, 11 test samples
STABL finished (43 samples); 0 features selected

~~~~~~~~~~~~~~~~~~~~~~~~~~~~~~~~~~~~~~~~~~~~~~~~~~~~~~~
This fold: 0 features selected for STABL
This fold: 9 features selected for SS 03
This fold: 2 features selected for SS 05
This fold: 0 features selected for SS 08
~~~~~~~~~~~~~~~~~~~~~~~~~~~~~~~~~~~~~~~~~~~~~~~~~~~~~~~

***************************** Iteration 35 over 50 ***************************** 

44 train samples, 10 test samples
STABL finished (44 samples); 0 features selected

~~~~~~~~~~~~~~~~~~~~~~~~~~~~~~~~~~~~~~~~~~~~~~~~~~~~~~~
This fold: 0 features selected for STABL
This fold: 13 features selected for SS 03
This fold: 3 features selected for SS 05
This fold: 0 features selected for SS 08
~~~~~~~~~~~~~~~~~~~~~~~~~~~~~~~~~~~~~~~~~~~~~~~~~~~~~~~

***************************** Iteration 36 over 50 ***************************** 

43 train samples, 11 test samples
STABL finished (43 samples); 0 features selected

~~~~~~~~~~~~~~~~~~~~~~~~~~~~~~~~~~~~~~~~~~~~~~~~~~~~~~~
This fold: 0 features selected for STABL
This fold: 9 features selected for SS 03
This fold: 1 features selected for SS 05
This fold: 0 features selected for SS 08
~~~~~~~~~~~~~~~~~~~~~~~~~~~~~~~~~~~~~~~~~~~~~~~~~~~~~~~

***************************** Iteration 37 over 50 ***************************** 

43 train samples, 11 test samples
STABL finished (43 samples); 0 features selected

~~~~~~~~~~~~~~~~~~~~~~~~~~~~~~~~~~~~~~~~~~~~~~~~~~~~~~~
This fold: 0 features selected for STABL
This fold: 6 features selected for SS 03
This fold: 1 features selected for SS 05
This fold: 1 features selected for SS 08
~~~~~~~~~~~~~~~~~~~~~~~~~~~~~~~~~~~~~~~~~~~~~~~~~~~~~~~

***************************** Iteration 38 over 50 ***************************** 

43 train samples, 11 test samples
STABL finished (43 samples); 0 features selected

~~~~~~~~~~~~~~~~~~~~~~~~~~~~~~~~~~~~~~~~~~~~~~~~~~~~~~~
This fold: 0 features selected for STABL
This fold: 10 features selected for SS 03
This fold: 2 features selected for SS 05
This fold: 0 features selected for SS 08
~~~~~~~~~~~~~~~~~~~~~~~~~~~~~~~~~~~~~~~~~~~~~~~~~~~~~~~

***************************** Iteration 39 over 50 ***************************** 

43 train samples, 11 test samples
STABL finished (43 samples); 1 features selected

~~~~~~~~~~~~~~~~~~~~~~~~~~~~~~~~~~~~~~~~~~~~~~~~~~~~~~~
This fold: 1 features selected for STABL
This fold: 9 features selected for SS 03
This fold: 2 features selected for SS 05
This fold: 0 features selected for SS 08
~~~~~~~~~~~~~~~~~~~~~~~~~~~~~~~~~~~~~~~~~~~~~~~~~~~~~~~

***************************** Iteration 40 over 50 ***************************** 

44 train samples, 10 test samples
STABL finished (44 samples); 0 features selected

~~~~~~~~~~~~~~~~~~~~~~~~~~~~~~~~~~~~~~~~~~~~~~~~~~~~~~~
This fold: 0 features selected for STABL
This fold: 12 features selected for SS 03
This fold: 2 features selected for SS 05
This fold: 0 features selected for SS 08
~~~~~~~~~~~~~~~~~~~~~~~~~~~~~~~~~~~~~~~~~~~~~~~~~~~~~~~

***************************** Iteration 41 over 50 ***************************** 

43 train samples, 11 test samples
STABL finished (43 samples); 0 features selected

~~~~~~~~~~~~~~~~~~~~~~~~~~~~~~~~~~~~~~~~~~~~~~~~~~~~~~~
This fold: 0 features selected for STABL
This fold: 13 features selected for SS 03
This fold: 3 features selected for SS 05
This fold: 0 features selected for SS 08
~~~~~~~~~~~~~~~~~~~~~~~~~~~~~~~~~~~~~~~~~~~~~~~~~~~~~~~

***************************** Iteration 42 over 50 ***************************** 

43 train samples, 11 test samples
STABL finished (43 samples); 3 features selected

~~~~~~~~~~~~~~~~~~~~~~~~~~~~~~~~~~~~~~~~~~~~~~~~~~~~~~~
This fold: 3 features selected for STABL
This fold: 6 features selected for SS 03
This fold: 4 features selected for SS 05
This fold: 0 features selected for SS 08
~~~~~~~~~~~~~~~~~~~~~~~~~~~~~~~~~~~~~~~~~~~~~~~~~~~~~~~

***************************** Iteration 43 over 50 ***************************** 

43 train samples, 11 test samples
STABL finished (43 samples); 2 features selected

~~~~~~~~~~~~~~~~~~~~~~~~~~~~~~~~~~~~~~~~~~~~~~~~~~~~~~~
This fold: 2 features selected for STABL
This fold: 11 features selected for SS 03
This fold: 2 features selected for SS 05
This fold: 0 features selected for SS 08
~~~~~~~~~~~~~~~~~~~~~~~~~~~~~~~~~~~~~~~~~~~~~~~~~~~~~~~

***************************** Iteration 44 over 50 ***************************** 

43 train samples, 11 test samples
STABL finished (43 samples); 0 features selected

~~~~~~~~~~~~~~~~~~~~~~~~~~~~~~~~~~~~~~~~~~~~~~~~~~~~~~~
This fold: 0 features selected for STABL
This fold: 12 features selected for SS 03
This fold: 1 features selected for SS 05
This fold: 0 features selected for SS 08
~~~~~~~~~~~~~~~~~~~~~~~~~~~~~~~~~~~~~~~~~~~~~~~~~~~~~~~

***************************** Iteration 45 over 50 ***************************** 

44 train samples, 10 test samples
STABL finished (44 samples); 0 features selected

~~~~~~~~~~~~~~~~~~~~~~~~~~~~~~~~~~~~~~~~~~~~~~~~~~~~~~~
This fold: 0 features selected for STABL
This fold: 11 features selected for SS 03
This fold: 1 features selected for SS 05
This fold: 0 features selected for SS 08
~~~~~~~~~~~~~~~~~~~~~~~~~~~~~~~~~~~~~~~~~~~~~~~~~~~~~~~

***************************** Iteration 46 over 50 ***************************** 

43 train samples, 11 test samples
STABL finished (43 samples); 0 features selected

~~~~~~~~~~~~~~~~~~~~~~~~~~~~~~~~~~~~~~~~~~~~~~~~~~~~~~~
This fold: 0 features selected for STABL
This fold: 9 features selected for SS 03
This fold: 1 features selected for SS 05
This fold: 0 features selected for SS 08
~~~~~~~~~~~~~~~~~~~~~~~~~~~~~~~~~~~~~~~~~~~~~~~~~~~~~~~

***************************** Iteration 47 over 50 ***************************** 

43 train samples, 11 test samples
STABL finished (43 samples); 0 features selected

~~~~~~~~~~~~~~~~~~~~~~~~~~~~~~~~~~~~~~~~~~~~~~~~~~~~~~~
This fold: 0 features selected for STABL
This fold: 12 features selected for SS 03
This fold: 3 features selected for SS 05
This fold: 0 features selected for SS 08
~~~~~~~~~~~~~~~~~~~~~~~~~~~~~~~~~~~~~~~~~~~~~~~~~~~~~~~

***************************** Iteration 48 over 50 ***************************** 

43 train samples, 11 test samples
STABL finished (43 samples); 0 features selected

~~~~~~~~~~~~~~~~~~~~~~~~~~~~~~~~~~~~~~~~~~~~~~~~~~~~~~~
This fold: 0 features selected for STABL
This fold: 10 features selected for SS 03
This fold: 1 features selected for SS 05
This fold: 0 features selected for SS 08
~~~~~~~~~~~~~~~~~~~~~~~~~~~~~~~~~~~~~~~~~~~~~~~~~~~~~~~

***************************** Iteration 49 over 50 ***************************** 

43 train samples, 11 test samples
STABL finished (43 samples); 0 features selected

~~~~~~~~~~~~~~~~~~~~~~~~~~~~~~~~~~~~~~~~~~~~~~~~~~~~~~~
This fold: 0 features selected for STABL
This fold: 10 features selected for SS 03
This fold: 3 features selected for SS 05
This fold: 0 features selected for SS 08
~~~~~~~~~~~~~~~~~~~~~~~~~~~~~~~~~~~~~~~~~~~~~~~~~~~~~~~

***************************** Iteration 50 over 50 ***************************** 

44 train samples, 10 test samples
STABL finished (44 samples); 0 features selected

~~~~~~~~~~~~~~~~~~~~~~~~~~~~~~~~~~~~~~~~~~~~~~~~~~~~~~~
This fold: 0 features selected for STABL
This fold: 9 features selected for SS 03
This fold: 3 features selected for SS 05
This fold: 0 features selected for SS 08
~~~~~~~~~~~~~~~~~~~~~~~~~~~~~~~~~~~~~~~~~~~~~~~~~~~~~~~

