-------- CYTOF --------
          Granulocytes_CREB_unstim  ...  Granulocytes
ID                                  ...              
056_25_A                  0.269780  ...     74.664505
032_24_A                  0.359239  ...     78.164471
032_27_B                  0.268839  ...     79.371039
093_38_B                  0.148957  ...     77.109499
047_37_C                  0.032887  ...     78.506931

[5 rows x 1502 columns]
test shape : (35, 1502)
          Granulocytes_CREB_unstim  ...  Granulocytes
ID                                  ...              
055_38_C                  0.243384  ...     84.097166
041_37_C                  0.215790  ...     82.269285
024_34_C                  0.276176  ...     79.816920
001_35_C                  0.323596  ...     76.029884
052_36_B                  0.196784  ...     81.265136

[5 rows x 1502 columns]
train shape : (136, 1502)
-------- GA --------
          GA
ID          
056_25_A  25
032_24_A  24
032_27_B  27
093_38_B  38
047_37_C  37
test shape : (35, 1)
          GA
ID          
055_38_C  38
041_37_C  37
024_34_C  34
001_35_C  35
052_36_B  36
train shape : (136, 1)
-------- Proteomics --------
               CHIP     CEBPB        NSE  ...       FTCD      UBP25      PLXB2
ID                                        ...                                 
056_25_A   6.249825  6.617651  13.707316  ...   9.892998   9.464137  11.929147
032_24_A  10.957175  9.189578  15.257403  ...  14.478883  10.933396  11.476493
032_27_B   8.253611  9.278449  13.398664  ...  11.457278   9.544192  12.115011
093_38_B   7.292782  9.886154  13.617720  ...  12.423956  10.024032  12.990600
047_37_C   7.410239  9.336283  13.310045  ...  12.191985   9.306517  12.548148

[5 rows x 1317 columns]
test shape : (35, 1317)
              CHIP     CEBPB        NSE  ...       FTCD     UBP25      PLXB2
ID                                       ...                                
055_38_C  8.420381  8.917074  13.572262  ...  12.692245  9.257859  12.411988
041_37_C  8.524346  9.379378  13.668187  ...  10.673044  9.449149  12.242728
024_34_C  8.212375  9.038645  13.475733  ...  11.129025  9.107740  12.151175
001_35_C  8.279378  9.476341  13.108688  ...  10.901772  9.149239  12.532843
052_36_B  8.509379  9.720757  13.234907  ...  15.022034  9.076014  12.551083

[5 rows x 1317 columns]
train shape : (136, 1317)
-------- outcomes --------
ID
055_38_C   -10.0
041_37_C   -12.0
024_34_C   -23.0
001_35_C   -37.0
052_36_B   -25.0
Name: DOS, dtype: float64
train shape : 136
ID
056_25_A    -90.0
032_24_A   -102.0
032_27_B    -81.0
093_38_B     -8.0
047_37_C    -18.0
Name: DOS, dtype: float64
test shape : 35
STABL finished on CYTOF; 0 features selected
STABL finished on GA; 0 features selected
STABL finished on Proteomics; 1 features selected
