***************************** Iteration 1 over 50 ****************************** 

120 train samples, 30 test samples
STABL finished (120 samples); 0 features selected

~~~~~~~~~~~~~~~~~~~~~~~~~~~~~~~~~~~~~~~~~~~~~~~~~~~~~~~
This fold: 0 features selected for STABL
This fold: 166 features selected for SS 03
This fold: 136 features selected for SS 05
This fold: 80 features selected for SS 08
~~~~~~~~~~~~~~~~~~~~~~~~~~~~~~~~~~~~~~~~~~~~~~~~~~~~~~~

***************************** Iteration 2 over 50 ****************************** 

120 train samples, 30 test samples
STABL finished (120 samples); 3 features selected

~~~~~~~~~~~~~~~~~~~~~~~~~~~~~~~~~~~~~~~~~~~~~~~~~~~~~~~
This fold: 3 features selected for STABL
This fold: 173 features selected for SS 03
This fold: 135 features selected for SS 05
This fold: 84 features selected for SS 08
~~~~~~~~~~~~~~~~~~~~~~~~~~~~~~~~~~~~~~~~~~~~~~~~~~~~~~~

***************************** Iteration 3 over 50 ****************************** 

120 train samples, 30 test samples
STABL finished (120 samples); 0 features selected

~~~~~~~~~~~~~~~~~~~~~~~~~~~~~~~~~~~~~~~~~~~~~~~~~~~~~~~
This fold: 0 features selected for STABL
This fold: 169 features selected for SS 03
This fold: 139 features selected for SS 05
This fold: 86 features selected for SS 08
~~~~~~~~~~~~~~~~~~~~~~~~~~~~~~~~~~~~~~~~~~~~~~~~~~~~~~~

***************************** Iteration 4 over 50 ****************************** 

120 train samples, 30 test samples
STABL finished (120 samples); 7 features selected

~~~~~~~~~~~~~~~~~~~~~~~~~~~~~~~~~~~~~~~~~~~~~~~~~~~~~~~
This fold: 7 features selected for STABL
This fold: 192 features selected for SS 03
This fold: 169 features selected for SS 05
This fold: 99 features selected for SS 08
~~~~~~~~~~~~~~~~~~~~~~~~~~~~~~~~~~~~~~~~~~~~~~~~~~~~~~~

***************************** Iteration 5 over 50 ****************************** 

120 train samples, 30 test samples
STABL finished (120 samples); 0 features selected

~~~~~~~~~~~~~~~~~~~~~~~~~~~~~~~~~~~~~~~~~~~~~~~~~~~~~~~
This fold: 0 features selected for STABL
This fold: 172 features selected for SS 03
This fold: 141 features selected for SS 05
This fold: 81 features selected for SS 08
~~~~~~~~~~~~~~~~~~~~~~~~~~~~~~~~~~~~~~~~~~~~~~~~~~~~~~~

***************************** Iteration 6 over 50 ****************************** 

120 train samples, 30 test samples
STABL finished (120 samples); 0 features selected

~~~~~~~~~~~~~~~~~~~~~~~~~~~~~~~~~~~~~~~~~~~~~~~~~~~~~~~
This fold: 0 features selected for STABL
This fold: 170 features selected for SS 03
This fold: 138 features selected for SS 05
This fold: 80 features selected for SS 08
~~~~~~~~~~~~~~~~~~~~~~~~~~~~~~~~~~~~~~~~~~~~~~~~~~~~~~~

***************************** Iteration 7 over 50 ****************************** 

120 train samples, 30 test samples
STABL finished (120 samples); 26 features selected

~~~~~~~~~~~~~~~~~~~~~~~~~~~~~~~~~~~~~~~~~~~~~~~~~~~~~~~
This fold: 26 features selected for STABL
This fold: 197 features selected for SS 03
This fold: 164 features selected for SS 05
This fold: 103 features selected for SS 08
~~~~~~~~~~~~~~~~~~~~~~~~~~~~~~~~~~~~~~~~~~~~~~~~~~~~~~~

***************************** Iteration 8 over 50 ****************************** 

120 train samples, 30 test samples
STABL finished (120 samples); 0 features selected

~~~~~~~~~~~~~~~~~~~~~~~~~~~~~~~~~~~~~~~~~~~~~~~~~~~~~~~
This fold: 0 features selected for STABL
This fold: 173 features selected for SS 03
This fold: 142 features selected for SS 05
This fold: 82 features selected for SS 08
~~~~~~~~~~~~~~~~~~~~~~~~~~~~~~~~~~~~~~~~~~~~~~~~~~~~~~~

***************************** Iteration 9 over 50 ****************************** 

120 train samples, 30 test samples
STABL finished (120 samples); 0 features selected

~~~~~~~~~~~~~~~~~~~~~~~~~~~~~~~~~~~~~~~~~~~~~~~~~~~~~~~
This fold: 0 features selected for STABL
This fold: 173 features selected for SS 03
This fold: 141 features selected for SS 05
This fold: 85 features selected for SS 08
~~~~~~~~~~~~~~~~~~~~~~~~~~~~~~~~~~~~~~~~~~~~~~~~~~~~~~~

***************************** Iteration 10 over 50 ***************************** 

120 train samples, 30 test samples
STABL finished (120 samples); 6 features selected

~~~~~~~~~~~~~~~~~~~~~~~~~~~~~~~~~~~~~~~~~~~~~~~~~~~~~~~
This fold: 6 features selected for STABL
This fold: 163 features selected for SS 03
This fold: 134 features selected for SS 05
This fold: 84 features selected for SS 08
~~~~~~~~~~~~~~~~~~~~~~~~~~~~~~~~~~~~~~~~~~~~~~~~~~~~~~~

***************************** Iteration 11 over 50 ***************************** 

120 train samples, 30 test samples
STABL finished (120 samples); 0 features selected

~~~~~~~~~~~~~~~~~~~~~~~~~~~~~~~~~~~~~~~~~~~~~~~~~~~~~~~
This fold: 0 features selected for STABL
This fold: 176 features selected for SS 03
This fold: 141 features selected for SS 05
This fold: 84 features selected for SS 08
~~~~~~~~~~~~~~~~~~~~~~~~~~~~~~~~~~~~~~~~~~~~~~~~~~~~~~~

***************************** Iteration 12 over 50 ***************************** 

120 train samples, 30 test samples
STABL finished (120 samples); 0 features selected

~~~~~~~~~~~~~~~~~~~~~~~~~~~~~~~~~~~~~~~~~~~~~~~~~~~~~~~
This fold: 0 features selected for STABL
This fold: 174 features selected for SS 03
This fold: 146 features selected for SS 05
This fold: 80 features selected for SS 08
~~~~~~~~~~~~~~~~~~~~~~~~~~~~~~~~~~~~~~~~~~~~~~~~~~~~~~~

***************************** Iteration 13 over 50 ***************************** 

120 train samples, 30 test samples
STABL finished (120 samples); 0 features selected

~~~~~~~~~~~~~~~~~~~~~~~~~~~~~~~~~~~~~~~~~~~~~~~~~~~~~~~
This fold: 0 features selected for STABL
This fold: 170 features selected for SS 03
This fold: 137 features selected for SS 05
This fold: 85 features selected for SS 08
~~~~~~~~~~~~~~~~~~~~~~~~~~~~~~~~~~~~~~~~~~~~~~~~~~~~~~~

***************************** Iteration 14 over 50 ***************************** 

120 train samples, 30 test samples
STABL finished (120 samples); 1 features selected

~~~~~~~~~~~~~~~~~~~~~~~~~~~~~~~~~~~~~~~~~~~~~~~~~~~~~~~
This fold: 1 features selected for STABL
This fold: 175 features selected for SS 03
This fold: 141 features selected for SS 05
This fold: 85 features selected for SS 08
~~~~~~~~~~~~~~~~~~~~~~~~~~~~~~~~~~~~~~~~~~~~~~~~~~~~~~~

***************************** Iteration 15 over 50 ***************************** 

120 train samples, 30 test samples
STABL finished (120 samples); 0 features selected

~~~~~~~~~~~~~~~~~~~~~~~~~~~~~~~~~~~~~~~~~~~~~~~~~~~~~~~
This fold: 0 features selected for STABL
This fold: 169 features selected for SS 03
This fold: 139 features selected for SS 05
This fold: 84 features selected for SS 08
~~~~~~~~~~~~~~~~~~~~~~~~~~~~~~~~~~~~~~~~~~~~~~~~~~~~~~~

***************************** Iteration 16 over 50 ***************************** 

120 train samples, 30 test samples
STABL finished (120 samples); 0 features selected

~~~~~~~~~~~~~~~~~~~~~~~~~~~~~~~~~~~~~~~~~~~~~~~~~~~~~~~
This fold: 0 features selected for STABL
This fold: 171 features selected for SS 03
This fold: 142 features selected for SS 05
This fold: 89 features selected for SS 08
~~~~~~~~~~~~~~~~~~~~~~~~~~~~~~~~~~~~~~~~~~~~~~~~~~~~~~~

***************************** Iteration 17 over 50 ***************************** 

120 train samples, 30 test samples
STABL finished (120 samples); 0 features selected

~~~~~~~~~~~~~~~~~~~~~~~~~~~~~~~~~~~~~~~~~~~~~~~~~~~~~~~
This fold: 0 features selected for STABL
This fold: 181 features selected for SS 03
This fold: 142 features selected for SS 05
This fold: 81 features selected for SS 08
~~~~~~~~~~~~~~~~~~~~~~~~~~~~~~~~~~~~~~~~~~~~~~~~~~~~~~~

***************************** Iteration 18 over 50 ***************************** 

120 train samples, 30 test samples
STABL finished (120 samples); 0 features selected

~~~~~~~~~~~~~~~~~~~~~~~~~~~~~~~~~~~~~~~~~~~~~~~~~~~~~~~
This fold: 0 features selected for STABL
This fold: 165 features selected for SS 03
This fold: 130 features selected for SS 05
This fold: 80 features selected for SS 08
~~~~~~~~~~~~~~~~~~~~~~~~~~~~~~~~~~~~~~~~~~~~~~~~~~~~~~~

***************************** Iteration 19 over 50 ***************************** 

120 train samples, 30 test samples
STABL finished (120 samples); 0 features selected

~~~~~~~~~~~~~~~~~~~~~~~~~~~~~~~~~~~~~~~~~~~~~~~~~~~~~~~
This fold: 0 features selected for STABL
This fold: 191 features selected for SS 03
This fold: 153 features selected for SS 05
This fold: 93 features selected for SS 08
~~~~~~~~~~~~~~~~~~~~~~~~~~~~~~~~~~~~~~~~~~~~~~~~~~~~~~~

***************************** Iteration 20 over 50 ***************************** 

120 train samples, 30 test samples
STABL finished (120 samples); 0 features selected

~~~~~~~~~~~~~~~~~~~~~~~~~~~~~~~~~~~~~~~~~~~~~~~~~~~~~~~
This fold: 0 features selected for STABL
This fold: 168 features selected for SS 03
This fold: 135 features selected for SS 05
This fold: 82 features selected for SS 08
~~~~~~~~~~~~~~~~~~~~~~~~~~~~~~~~~~~~~~~~~~~~~~~~~~~~~~~

***************************** Iteration 21 over 50 ***************************** 

120 train samples, 30 test samples
STABL finished (120 samples); 0 features selected

~~~~~~~~~~~~~~~~~~~~~~~~~~~~~~~~~~~~~~~~~~~~~~~~~~~~~~~
This fold: 0 features selected for STABL
This fold: 166 features selected for SS 03
This fold: 132 features selected for SS 05
This fold: 88 features selected for SS 08
~~~~~~~~~~~~~~~~~~~~~~~~~~~~~~~~~~~~~~~~~~~~~~~~~~~~~~~

***************************** Iteration 22 over 50 ***************************** 

120 train samples, 30 test samples
STABL finished (120 samples); 0 features selected

~~~~~~~~~~~~~~~~~~~~~~~~~~~~~~~~~~~~~~~~~~~~~~~~~~~~~~~
This fold: 0 features selected for STABL
This fold: 168 features selected for SS 03
This fold: 140 features selected for SS 05
This fold: 77 features selected for SS 08
~~~~~~~~~~~~~~~~~~~~~~~~~~~~~~~~~~~~~~~~~~~~~~~~~~~~~~~

***************************** Iteration 23 over 50 ***************************** 

120 train samples, 30 test samples
STABL finished (120 samples); 1 features selected

~~~~~~~~~~~~~~~~~~~~~~~~~~~~~~~~~~~~~~~~~~~~~~~~~~~~~~~
This fold: 1 features selected for STABL
This fold: 175 features selected for SS 03
This fold: 141 features selected for SS 05
This fold: 85 features selected for SS 08
~~~~~~~~~~~~~~~~~~~~~~~~~~~~~~~~~~~~~~~~~~~~~~~~~~~~~~~

***************************** Iteration 24 over 50 ***************************** 

120 train samples, 30 test samples
STABL finished (120 samples); 0 features selected

~~~~~~~~~~~~~~~~~~~~~~~~~~~~~~~~~~~~~~~~~~~~~~~~~~~~~~~
This fold: 0 features selected for STABL
This fold: 173 features selected for SS 03
This fold: 137 features selected for SS 05
This fold: 83 features selected for SS 08
~~~~~~~~~~~~~~~~~~~~~~~~~~~~~~~~~~~~~~~~~~~~~~~~~~~~~~~

***************************** Iteration 25 over 50 ***************************** 

120 train samples, 30 test samples
STABL finished (120 samples); 0 features selected

~~~~~~~~~~~~~~~~~~~~~~~~~~~~~~~~~~~~~~~~~~~~~~~~~~~~~~~
This fold: 0 features selected for STABL
This fold: 193 features selected for SS 03
This fold: 154 features selected for SS 05
This fold: 90 features selected for SS 08
~~~~~~~~~~~~~~~~~~~~~~~~~~~~~~~~~~~~~~~~~~~~~~~~~~~~~~~

***************************** Iteration 26 over 50 ***************************** 

120 train samples, 30 test samples
STABL finished (120 samples); 0 features selected

~~~~~~~~~~~~~~~~~~~~~~~~~~~~~~~~~~~~~~~~~~~~~~~~~~~~~~~
This fold: 0 features selected for STABL
This fold: 174 features selected for SS 03
This fold: 145 features selected for SS 05
This fold: 87 features selected for SS 08
~~~~~~~~~~~~~~~~~~~~~~~~~~~~~~~~~~~~~~~~~~~~~~~~~~~~~~~

***************************** Iteration 27 over 50 ***************************** 

120 train samples, 30 test samples
STABL finished (120 samples); 0 features selected

~~~~~~~~~~~~~~~~~~~~~~~~~~~~~~~~~~~~~~~~~~~~~~~~~~~~~~~
This fold: 0 features selected for STABL
This fold: 178 features selected for SS 03
This fold: 144 features selected for SS 05
This fold: 94 features selected for SS 08
~~~~~~~~~~~~~~~~~~~~~~~~~~~~~~~~~~~~~~~~~~~~~~~~~~~~~~~

***************************** Iteration 28 over 50 ***************************** 

120 train samples, 30 test samples
STABL finished (120 samples); 0 features selected

~~~~~~~~~~~~~~~~~~~~~~~~~~~~~~~~~~~~~~~~~~~~~~~~~~~~~~~
This fold: 0 features selected for STABL
This fold: 177 features selected for SS 03
This fold: 141 features selected for SS 05
This fold: 82 features selected for SS 08
~~~~~~~~~~~~~~~~~~~~~~~~~~~~~~~~~~~~~~~~~~~~~~~~~~~~~~~

***************************** Iteration 29 over 50 ***************************** 

120 train samples, 30 test samples
STABL finished (120 samples); 0 features selected

~~~~~~~~~~~~~~~~~~~~~~~~~~~~~~~~~~~~~~~~~~~~~~~~~~~~~~~
This fold: 0 features selected for STABL
This fold: 163 features selected for SS 03
This fold: 135 features selected for SS 05
This fold: 87 features selected for SS 08
~~~~~~~~~~~~~~~~~~~~~~~~~~~~~~~~~~~~~~~~~~~~~~~~~~~~~~~

***************************** Iteration 30 over 50 ***************************** 

120 train samples, 30 test samples
STABL finished (120 samples); 0 features selected

~~~~~~~~~~~~~~~~~~~~~~~~~~~~~~~~~~~~~~~~~~~~~~~~~~~~~~~
This fold: 0 features selected for STABL
This fold: 174 features selected for SS 03
This fold: 146 features selected for SS 05
This fold: 85 features selected for SS 08
~~~~~~~~~~~~~~~~~~~~~~~~~~~~~~~~~~~~~~~~~~~~~~~~~~~~~~~

***************************** Iteration 31 over 50 ***************************** 

120 train samples, 30 test samples
STABL finished (120 samples); 0 features selected

~~~~~~~~~~~~~~~~~~~~~~~~~~~~~~~~~~~~~~~~~~~~~~~~~~~~~~~
This fold: 0 features selected for STABL
This fold: 167 features selected for SS 03
This fold: 133 features selected for SS 05
This fold: 84 features selected for SS 08
~~~~~~~~~~~~~~~~~~~~~~~~~~~~~~~~~~~~~~~~~~~~~~~~~~~~~~~

***************************** Iteration 32 over 50 ***************************** 

120 train samples, 30 test samples
STABL finished (120 samples); 0 features selected

~~~~~~~~~~~~~~~~~~~~~~~~~~~~~~~~~~~~~~~~~~~~~~~~~~~~~~~
This fold: 0 features selected for STABL
This fold: 168 features selected for SS 03
This fold: 140 features selected for SS 05
This fold: 80 features selected for SS 08
~~~~~~~~~~~~~~~~~~~~~~~~~~~~~~~~~~~~~~~~~~~~~~~~~~~~~~~

***************************** Iteration 33 over 50 ***************************** 

120 train samples, 30 test samples
STABL finished (120 samples); 0 features selected

~~~~~~~~~~~~~~~~~~~~~~~~~~~~~~~~~~~~~~~~~~~~~~~~~~~~~~~
This fold: 0 features selected for STABL
This fold: 179 features selected for SS 03
This fold: 147 features selected for SS 05
This fold: 92 features selected for SS 08
~~~~~~~~~~~~~~~~~~~~~~~~~~~~~~~~~~~~~~~~~~~~~~~~~~~~~~~

***************************** Iteration 34 over 50 ***************************** 

120 train samples, 30 test samples
STABL finished (120 samples); 0 features selected

~~~~~~~~~~~~~~~~~~~~~~~~~~~~~~~~~~~~~~~~~~~~~~~~~~~~~~~
This fold: 0 features selected for STABL
This fold: 186 features selected for SS 03
This fold: 151 features selected for SS 05
This fold: 89 features selected for SS 08
~~~~~~~~~~~~~~~~~~~~~~~~~~~~~~~~~~~~~~~~~~~~~~~~~~~~~~~

***************************** Iteration 35 over 50 ***************************** 

120 train samples, 30 test samples
STABL finished (120 samples); 0 features selected

~~~~~~~~~~~~~~~~~~~~~~~~~~~~~~~~~~~~~~~~~~~~~~~~~~~~~~~
This fold: 0 features selected for STABL
This fold: 167 features selected for SS 03
This fold: 141 features selected for SS 05
This fold: 80 features selected for SS 08
~~~~~~~~~~~~~~~~~~~~~~~~~~~~~~~~~~~~~~~~~~~~~~~~~~~~~~~

***************************** Iteration 36 over 50 ***************************** 

120 train samples, 30 test samples
STABL finished (120 samples); 0 features selected

~~~~~~~~~~~~~~~~~~~~~~~~~~~~~~~~~~~~~~~~~~~~~~~~~~~~~~~
This fold: 0 features selected for STABL
This fold: 164 features selected for SS 03
This fold: 132 features selected for SS 05
This fold: 82 features selected for SS 08
~~~~~~~~~~~~~~~~~~~~~~~~~~~~~~~~~~~~~~~~~~~~~~~~~~~~~~~

***************************** Iteration 37 over 50 ***************************** 

120 train samples, 30 test samples
STABL finished (120 samples); 0 features selected

~~~~~~~~~~~~~~~~~~~~~~~~~~~~~~~~~~~~~~~~~~~~~~~~~~~~~~~
This fold: 0 features selected for STABL
This fold: 156 features selected for SS 03
This fold: 132 features selected for SS 05
This fold: 85 features selected for SS 08
~~~~~~~~~~~~~~~~~~~~~~~~~~~~~~~~~~~~~~~~~~~~~~~~~~~~~~~

***************************** Iteration 38 over 50 ***************************** 

120 train samples, 30 test samples
STABL finished (120 samples); 0 features selected

~~~~~~~~~~~~~~~~~~~~~~~~~~~~~~~~~~~~~~~~~~~~~~~~~~~~~~~
This fold: 0 features selected for STABL
This fold: 174 features selected for SS 03
This fold: 135 features selected for SS 05
This fold: 89 features selected for SS 08
~~~~~~~~~~~~~~~~~~~~~~~~~~~~~~~~~~~~~~~~~~~~~~~~~~~~~~~

***************************** Iteration 39 over 50 ***************************** 

120 train samples, 30 test samples
STABL finished (120 samples); 20 features selected

~~~~~~~~~~~~~~~~~~~~~~~~~~~~~~~~~~~~~~~~~~~~~~~~~~~~~~~
This fold: 20 features selected for STABL
This fold: 209 features selected for SS 03
This fold: 172 features selected for SS 05
This fold: 103 features selected for SS 08
~~~~~~~~~~~~~~~~~~~~~~~~~~~~~~~~~~~~~~~~~~~~~~~~~~~~~~~

***************************** Iteration 40 over 50 ***************************** 

120 train samples, 30 test samples
STABL finished (120 samples); 0 features selected

~~~~~~~~~~~~~~~~~~~~~~~~~~~~~~~~~~~~~~~~~~~~~~~~~~~~~~~
This fold: 0 features selected for STABL
This fold: 174 features selected for SS 03
This fold: 141 features selected for SS 05
This fold: 83 features selected for SS 08
~~~~~~~~~~~~~~~~~~~~~~~~~~~~~~~~~~~~~~~~~~~~~~~~~~~~~~~

***************************** Iteration 41 over 50 ***************************** 

120 train samples, 30 test samples
STABL finished (120 samples); 0 features selected

~~~~~~~~~~~~~~~~~~~~~~~~~~~~~~~~~~~~~~~~~~~~~~~~~~~~~~~
This fold: 0 features selected for STABL
This fold: 176 features selected for SS 03
This fold: 135 features selected for SS 05
This fold: 81 features selected for SS 08
~~~~~~~~~~~~~~~~~~~~~~~~~~~~~~~~~~~~~~~~~~~~~~~~~~~~~~~

***************************** Iteration 42 over 50 ***************************** 

120 train samples, 30 test samples
STABL finished (120 samples); 0 features selected

~~~~~~~~~~~~~~~~~~~~~~~~~~~~~~~~~~~~~~~~~~~~~~~~~~~~~~~
This fold: 0 features selected for STABL
This fold: 184 features selected for SS 03
This fold: 152 features selected for SS 05
This fold: 97 features selected for SS 08
~~~~~~~~~~~~~~~~~~~~~~~~~~~~~~~~~~~~~~~~~~~~~~~~~~~~~~~

***************************** Iteration 43 over 50 ***************************** 

120 train samples, 30 test samples
STABL finished (120 samples); 0 features selected

~~~~~~~~~~~~~~~~~~~~~~~~~~~~~~~~~~~~~~~~~~~~~~~~~~~~~~~
This fold: 0 features selected for STABL
This fold: 162 features selected for SS 03
This fold: 144 features selected for SS 05
This fold: 88 features selected for SS 08
~~~~~~~~~~~~~~~~~~~~~~~~~~~~~~~~~~~~~~~~~~~~~~~~~~~~~~~

***************************** Iteration 44 over 50 ***************************** 

120 train samples, 30 test samples
STABL finished (120 samples); 0 features selected

~~~~~~~~~~~~~~~~~~~~~~~~~~~~~~~~~~~~~~~~~~~~~~~~~~~~~~~
This fold: 0 features selected for STABL
This fold: 166 features selected for SS 03
This fold: 128 features selected for SS 05
This fold: 96 features selected for SS 08
~~~~~~~~~~~~~~~~~~~~~~~~~~~~~~~~~~~~~~~~~~~~~~~~~~~~~~~

***************************** Iteration 45 over 50 ***************************** 

120 train samples, 30 test samples
STABL finished (120 samples); 0 features selected

~~~~~~~~~~~~~~~~~~~~~~~~~~~~~~~~~~~~~~~~~~~~~~~~~~~~~~~
This fold: 0 features selected for STABL
This fold: 176 features selected for SS 03
This fold: 142 features selected for SS 05
This fold: 81 features selected for SS 08
~~~~~~~~~~~~~~~~~~~~~~~~~~~~~~~~~~~~~~~~~~~~~~~~~~~~~~~

***************************** Iteration 46 over 50 ***************************** 

120 train samples, 30 test samples
STABL finished (120 samples); 0 features selected

~~~~~~~~~~~~~~~~~~~~~~~~~~~~~~~~~~~~~~~~~~~~~~~~~~~~~~~
This fold: 0 features selected for STABL
This fold: 176 features selected for SS 03
This fold: 148 features selected for SS 05
This fold: 82 features selected for SS 08
~~~~~~~~~~~~~~~~~~~~~~~~~~~~~~~~~~~~~~~~~~~~~~~~~~~~~~~

***************************** Iteration 47 over 50 ***************************** 

120 train samples, 30 test samples
STABL finished (120 samples); 0 features selected

~~~~~~~~~~~~~~~~~~~~~~~~~~~~~~~~~~~~~~~~~~~~~~~~~~~~~~~
This fold: 0 features selected for STABL
This fold: 163 features selected for SS 03
This fold: 131 features selected for SS 05
This fold: 79 features selected for SS 08
~~~~~~~~~~~~~~~~~~~~~~~~~~~~~~~~~~~~~~~~~~~~~~~~~~~~~~~

***************************** Iteration 48 over 50 ***************************** 

120 train samples, 30 test samples
STABL finished (120 samples); 3 features selected

~~~~~~~~~~~~~~~~~~~~~~~~~~~~~~~~~~~~~~~~~~~~~~~~~~~~~~~
This fold: 3 features selected for STABL
This fold: 200 features selected for SS 03
This fold: 166 features selected for SS 05
This fold: 100 features selected for SS 08
~~~~~~~~~~~~~~~~~~~~~~~~~~~~~~~~~~~~~~~~~~~~~~~~~~~~~~~

***************************** Iteration 49 over 50 ***************************** 

120 train samples, 30 test samples
STABL finished (120 samples); 0 features selected

~~~~~~~~~~~~~~~~~~~~~~~~~~~~~~~~~~~~~~~~~~~~~~~~~~~~~~~
This fold: 0 features selected for STABL
This fold: 171 features selected for SS 03
This fold: 137 features selected for SS 05
This fold: 86 features selected for SS 08
~~~~~~~~~~~~~~~~~~~~~~~~~~~~~~~~~~~~~~~~~~~~~~~~~~~~~~~

***************************** Iteration 50 over 50 ***************************** 

120 train samples, 30 test samples
STABL finished (120 samples); 0 features selected

~~~~~~~~~~~~~~~~~~~~~~~~~~~~~~~~~~~~~~~~~~~~~~~~~~~~~~~
This fold: 0 features selected for STABL
This fold: 162 features selected for SS 03
This fold: 135 features selected for SS 05
This fold: 77 features selected for SS 08
~~~~~~~~~~~~~~~~~~~~~~~~~~~~~~~~~~~~~~~~~~~~~~~~~~~~~~~

